realpath() of myapp.ini failed: No such file or directory [core/utils.c line 3654]
[uWSGI] getting INI configuration from foodtime.ini
*** Starting uWSGI 2.0.18-debian (64bit) on [Wed Sep  9 22:25:08 2020] ***
compiled with version: 10.0.1 20200405 (experimental) [master revision 0be9efad938:fcb98e4978a:705510a708d3642c9c962beb663c476167e4e8a4] on 11 April 2020 11:15:55
os: Linux-5.4.0-29-generic #33-Ubuntu SMP Wed Apr 29 14:32:27 UTC 2020
nodename: EJ-Robotics
machine: x86_64
clock source: unix
pcre jit disabled
detected number of CPU cores: 1
current working directory: /root/foodtime
detected binary path: /usr/bin/uwsgi-core
uWSGI running as root, you can use --uid/--gid/--chroot options
*** WARNING: you are running uWSGI as root !!! (use the --uid flag) *** 
chdir() to /root/foodtime/
your processes number limit is 3791
your memory page size is 4096 bytes
detected max file descriptor number: 1048576
lock engine: pthread robust mutexes
thunder lock: disabled (you can enable it with --thunder-lock)
uwsgi socket 0 bound to UNIX address foodtime.sock fd 3
uWSGI running as root, you can use --uid/--gid/--chroot options
*** WARNING: you are running uWSGI as root !!! (use the --uid flag) *** 
Python version: 3.8.2 (default, Jul 16 2020, 14:00:26)  [GCC 9.3.0]
PEP 405 virtualenv detected: /root/foodtime/foodtimeENV
Set PythonHome to /root/foodtime/foodtimeENV
Python main interpreter initialized at 0x55bc71218010
uWSGI running as root, you can use --uid/--gid/--chroot options
*** WARNING: you are running uWSGI as root !!! (use the --uid flag) *** 
python threads support enabled
your server socket listen backlog is limited to 100 connections
your mercy for graceful operations on workers is 60 seconds
mapped 416880 bytes (407 KB) for 8 cores
*** Operational MODE: preforking+threaded ***
WSGI app 0 (mountpoint='') ready in 0 seconds on interpreter 0x55bc71218010 pid: 402843 (default app)
uWSGI running as root, you can use --uid/--gid/--chroot options
*** WARNING: you are running uWSGI as root !!! (use the --uid flag) *** 
*** uWSGI is running in multiple interpreter mode ***
spawned uWSGI master process (pid: 402843)
spawned uWSGI worker 1 (pid: 402845, cores: 2)
spawned uWSGI worker 2 (pid: 402846, cores: 2)
spawned uWSGI worker 3 (pid: 402847, cores: 2)
spawned uWSGI worker 4 (pid: 402848, cores: 2)
Wed Sep  9 22:28:41 2020 - uWSGI worker 1 screams: UAAAAAAH my master disconnected: i will kill myself !!!
Wed Sep  9 22:28:41 2020 - uWSGI worker 2 screams: UAAAAAAH my master disconnected: i will kill myself !!!
Wed Sep  9 22:28:41 2020 - uWSGI worker 3 screams: UAAAAAAH my master disconnected: i will kill myself !!!
Wed Sep  9 22:28:41 2020 - uWSGI worker 4 screams: UAAAAAAH my master disconnected: i will kill myself !!!
Wed Sep  9 22:28:41 2020 - uWSGI worker 1 screams: UAAAAAAH my master disconnected: i will kill myself !!!
Wed Sep  9 22:28:42 2020 - uWSGI worker 3 screams: UAAAAAAH my master disconnected: i will kill myself !!!
Wed Sep  9 22:28:42 2020 - uWSGI worker 4 screams: UAAAAAAH my master disconnected: i will kill myself !!!
Wed Sep  9 22:28:42 2020 - uWSGI worker 2 screams: UAAAAAAH my master disconnected: i will kill myself !!!
realpath() of myapp.ini failed: No such file or directory [core/utils.c line 3654]
[uWSGI] getting INI configuration from foodtime.ini
*** Starting uWSGI 2.0.18-debian (64bit) on [Wed Sep  9 22:29:39 2020] ***
compiled with version: 10.0.1 20200405 (experimental) [master revision 0be9efad938:fcb98e4978a:705510a708d3642c9c962beb663c476167e4e8a4] on 11 April 2020 11:15:55
os: Linux-5.4.0-29-generic #33-Ubuntu SMP Wed Apr 29 14:32:27 UTC 2020
nodename: EJ-Robotics
machine: x86_64
clock source: unix
pcre jit disabled
detected number of CPU cores: 1
current working directory: /root/foodtime
detected binary path: /usr/bin/uwsgi-core
uWSGI running as root, you can use --uid/--gid/--chroot options
*** WARNING: you are running uWSGI as root !!! (use the --uid flag) *** 
chdir() to /root/foodtime/
your processes number limit is 3791
your memory page size is 4096 bytes
detected max file descriptor number: 1048576
lock engine: pthread robust mutexes
thunder lock: disabled (you can enable it with --thunder-lock)
uwsgi socket 0 bound to UNIX address foodtime.sock fd 3
uWSGI running as root, you can use --uid/--gid/--chroot options
*** WARNING: you are running uWSGI as root !!! (use the --uid flag) *** 
Python version: 3.8.2 (default, Jul 16 2020, 14:00:26)  [GCC 9.3.0]
PEP 405 virtualenv detected: /root/foodtime/foodtimeENV
Set PythonHome to /root/foodtime/foodtimeENV
Python main interpreter initialized at 0x558547fe7010
uWSGI running as root, you can use --uid/--gid/--chroot options
*** WARNING: you are running uWSGI as root !!! (use the --uid flag) *** 
python threads support enabled
your server socket listen backlog is limited to 100 connections
your mercy for graceful operations on workers is 60 seconds
mapped 416880 bytes (407 KB) for 8 cores
*** Operational MODE: preforking+threaded ***
WSGI app 0 (mountpoint='') ready in 0 seconds on interpreter 0x558547fe7010 pid: 402931 (default app)
uWSGI running as root, you can use --uid/--gid/--chroot options
*** WARNING: you are running uWSGI as root !!! (use the --uid flag) *** 
*** uWSGI is running in multiple interpreter mode ***
spawned uWSGI master process (pid: 402931)
spawned uWSGI worker 1 (pid: 402933, cores: 2)
spawned uWSGI worker 2 (pid: 402934, cores: 2)
spawned uWSGI worker 3 (pid: 402935, cores: 2)
spawned uWSGI worker 4 (pid: 402936, cores: 2)
Wed Sep  9 22:29:45 2020 - uWSGI worker 1 screams: UAAAAAAH my master disconnected: i will kill myself !!!
Wed Sep  9 22:29:45 2020 - uWSGI worker 3 screams: UAAAAAAH my master disconnected: i will kill myself !!!
Wed Sep  9 22:29:45 2020 - uWSGI worker 2 screams: UAAAAAAH my master disconnected: i will kill myself !!!
Wed Sep  9 22:29:45 2020 - uWSGI worker 4 screams: UAAAAAAH my master disconnected: i will kill myself !!!
Wed Sep  9 22:29:45 2020 - uWSGI worker 1 screams: UAAAAAAH my master disconnected: i will kill myself !!!
Wed Sep  9 22:29:45 2020 - uWSGI worker 3 screams: UAAAAAAH my master disconnected: i will kill myself !!!
Wed Sep  9 22:29:45 2020 - uWSGI worker 2 screams: UAAAAAAH my master disconnected: i will kill myself !!!
Wed Sep  9 22:29:45 2020 - uWSGI worker 4 screams: UAAAAAAH my master disconnected: i will kill myself !!!
[uWSGI] getting INI configuration from foodtime.ini
*** Starting uWSGI 2.0.18-debian (64bit) on [Wed Sep  9 22:49:58 2020] ***
compiled with version: 10.0.1 20200405 (experimental) [master revision 0be9efad938:fcb98e4978a:705510a708d3642c9c962beb663c476167e4e8a4] on 11 April 2020 11:15:55
os: Linux-5.4.0-29-generic #33-Ubuntu SMP Wed Apr 29 14:32:27 UTC 2020
nodename: EJ-Robotics
machine: x86_64
clock source: unix
pcre jit disabled
detected number of CPU cores: 1
current working directory: /var/www/foodtime
detected binary path: /usr/bin/uwsgi-core
uWSGI running as root, you can use --uid/--gid/--chroot options
*** WARNING: you are running uWSGI as root !!! (use the --uid flag) *** 
chdir() to /var/www/foodtime/
your processes number limit is 3791
your memory page size is 4096 bytes
detected max file descriptor number: 1048576
lock engine: pthread robust mutexes
thunder lock: disabled (you can enable it with --thunder-lock)
uwsgi socket 0 bound to UNIX address foodtime.sock fd 3
uWSGI running as root, you can use --uid/--gid/--chroot options
*** WARNING: you are running uWSGI as root !!! (use the --uid flag) *** 
Python version: 3.8.2 (default, Jul 16 2020, 14:00:26)  [GCC 9.3.0]
PEP 405 virtualenv detected: /var/www/foodtime/myenv
Set PythonHome to /var/www/foodtime/myenv
Python main interpreter initialized at 0x55e479d98fc0
uWSGI running as root, you can use --uid/--gid/--chroot options
*** WARNING: you are running uWSGI as root !!! (use the --uid flag) *** 
python threads support enabled
your server socket listen backlog is limited to 100 connections
your mercy for graceful operations on workers is 60 seconds
mapped 416880 bytes (407 KB) for 8 cores
*** Operational MODE: preforking+threaded ***
WSGI app 0 (mountpoint='') ready in 0 seconds on interpreter 0x55e479d98fc0 pid: 403393 (default app)
uWSGI running as root, you can use --uid/--gid/--chroot options
*** WARNING: you are running uWSGI as root !!! (use the --uid flag) *** 
*** uWSGI is running in multiple interpreter mode ***
spawned uWSGI master process (pid: 403393)
spawned uWSGI worker 1 (pid: 403395, cores: 2)
spawned uWSGI worker 2 (pid: 403396, cores: 2)
spawned uWSGI worker 3 (pid: 403397, cores: 2)
spawned uWSGI worker 4 (pid: 403398, cores: 2)
[pid: 403398|app: 0|req: 1/1] 131.123.50.90 () {42 vars in 769 bytes} [Wed Sep  9 22:50:25 2020] GET / => generated 40 bytes in 2 msecs (HTTP/1.1 200) 2 headers in 79 bytes (1 switches on core 0)
[pid: 403397|app: 0|req: 1/2] 131.123.50.90 () {42 vars in 769 bytes} [Wed Sep  9 22:50:26 2020] GET / => generated 40 bytes in 2 msecs (HTTP/1.1 200) 2 headers in 79 bytes (1 switches on core 0)
[pid: 403396|app: 0|req: 1/3] 131.123.50.90 () {42 vars in 769 bytes} [Wed Sep  9 22:50:38 2020] GET / => generated 40 bytes in 2 msecs (HTTP/1.1 200) 2 headers in 79 bytes (1 switches on core 0)
[pid: 403395|app: 0|req: 1/4] 131.123.50.90 () {42 vars in 769 bytes} [Wed Sep  9 22:50:39 2020] GET / => generated 40 bytes in 2 msecs (HTTP/1.1 200) 2 headers in 79 bytes (1 switches on core 0)
[pid: 403398|app: 0|req: 2/5] 131.123.50.90 () {42 vars in 769 bytes} [Wed Sep  9 22:50:48 2020] GET / => generated 40 bytes in 0 msecs (HTTP/1.1 200) 2 headers in 79 bytes (1 switches on core 1)
[pid: 403396|app: 0|req: 2/6] 131.123.50.90 () {42 vars in 769 bytes} [Wed Sep  9 22:50:49 2020] GET / => generated 40 bytes in 0 msecs (HTTP/1.1 200) 2 headers in 79 bytes (1 switches on core 0)
[pid: 403395|app: 0|req: 2/7] 131.123.50.90 () {42 vars in 769 bytes} [Wed Sep  9 22:50:51 2020] GET / => generated 40 bytes in 0 msecs (HTTP/1.1 200) 2 headers in 79 bytes (1 switches on core 0)
[pid: 403397|app: 0|req: 2/8] 131.123.50.90 () {42 vars in 769 bytes} [Wed Sep  9 22:50:52 2020] GET / => generated 40 bytes in 0 msecs (HTTP/1.1 200) 2 headers in 79 bytes (1 switches on core 1)
[pid: 403398|app: 0|req: 3/9] 131.123.50.90 () {42 vars in 769 bytes} [Wed Sep  9 22:50:53 2020] GET / => generated 40 bytes in 0 msecs (HTTP/1.1 200) 2 headers in 79 bytes (1 switches on core 1)
[pid: 403395|app: 0|req: 3/10] 131.123.50.90 () {42 vars in 769 bytes} [Wed Sep  9 22:50:53 2020] GET / => generated 40 bytes in 0 msecs (HTTP/1.1 200) 2 headers in 79 bytes (1 switches on core 0)
[pid: 403396|app: 0|req: 3/11] 131.123.50.90 () {42 vars in 769 bytes} [Wed Sep  9 22:50:54 2020] GET / => generated 40 bytes in 0 msecs (HTTP/1.1 200) 2 headers in 79 bytes (1 switches on core 0)
[pid: 403397|app: 0|req: 3/12] 131.123.50.90 () {42 vars in 769 bytes} [Wed Sep  9 22:50:54 2020] GET / => generated 40 bytes in 0 msecs (HTTP/1.1 200) 2 headers in 79 bytes (1 switches on core 1)
[pid: 403398|app: 0|req: 4/13] 131.123.50.90 () {42 vars in 769 bytes} [Wed Sep  9 22:50:55 2020] GET / => generated 40 bytes in 0 msecs (HTTP/1.1 200) 2 headers in 79 bytes (1 switches on core 1)
[pid: 403398|app: 0|req: 5/14] 131.123.50.90 () {42 vars in 769 bytes} [Wed Sep  9 22:51:02 2020] GET / => generated 40 bytes in 0 msecs (HTTP/1.1 200) 2 headers in 79 bytes (1 switches on core 0)
[pid: 403398|app: 0|req: 6/15] 131.123.50.90 () {42 vars in 769 bytes} [Wed Sep  9 22:51:03 2020] GET / => generated 40 bytes in 0 msecs (HTTP/1.1 200) 2 headers in 79 bytes (1 switches on core 0)
Wed Sep  9 22:51:24 2020 - uWSGI worker 3 screams: UAAAAAAH my master disconnected: i will kill myself !!!
Wed Sep  9 22:51:24 2020 - uWSGI worker 1 screams: UAAAAAAH my master disconnected: i will kill myself !!!
Wed Sep  9 22:51:24 2020 - uWSGI worker 4 screams: UAAAAAAH my master disconnected: i will kill myself !!!
Wed Sep  9 22:51:24 2020 - uWSGI worker 2 screams: UAAAAAAH my master disconnected: i will kill myself !!!
Wed Sep  9 22:51:24 2020 - uWSGI worker 3 screams: UAAAAAAH my master disconnected: i will kill myself !!!
Wed Sep  9 22:51:24 2020 - uWSGI worker 4 screams: UAAAAAAH my master disconnected: i will kill myself !!!
Wed Sep  9 22:51:24 2020 - uWSGI worker 2 screams: UAAAAAAH my master disconnected: i will kill myself !!!
Wed Sep  9 22:51:24 2020 - uWSGI worker 1 screams: UAAAAAAH my master disconnected: i will kill myself !!!
[uWSGI] getting INI configuration from foodtime.ini
*** Starting uWSGI 2.0.18-debian (64bit) on [Wed Sep  9 22:51:26 2020] ***
compiled with version: 10.0.1 20200405 (experimental) [master revision 0be9efad938:fcb98e4978a:705510a708d3642c9c962beb663c476167e4e8a4] on 11 April 2020 11:15:55
os: Linux-5.4.0-29-generic #33-Ubuntu SMP Wed Apr 29 14:32:27 UTC 2020
nodename: EJ-Robotics
machine: x86_64
clock source: unix
pcre jit disabled
detected number of CPU cores: 1
current working directory: /var/www/foodtime
detected binary path: /usr/bin/uwsgi-core
uWSGI running as root, you can use --uid/--gid/--chroot options
*** WARNING: you are running uWSGI as root !!! (use the --uid flag) *** 
chdir() to /var/www/foodtime/
your processes number limit is 3791
your memory page size is 4096 bytes
detected max file descriptor number: 1048576
lock engine: pthread robust mutexes
thunder lock: disabled (you can enable it with --thunder-lock)
uwsgi socket 0 bound to UNIX address foodtime.sock fd 3
uWSGI running as root, you can use --uid/--gid/--chroot options
*** WARNING: you are running uWSGI as root !!! (use the --uid flag) *** 
Python version: 3.8.2 (default, Jul 16 2020, 14:00:26)  [GCC 9.3.0]
PEP 405 virtualenv detected: /var/www/foodtime/myenv
Set PythonHome to /var/www/foodtime/myenv
Python main interpreter initialized at 0x562936b34fc0
uWSGI running as root, you can use --uid/--gid/--chroot options
*** WARNING: you are running uWSGI as root !!! (use the --uid flag) *** 
python threads support enabled
your server socket listen backlog is limited to 100 connections
your mercy for graceful operations on workers is 60 seconds
mapped 416880 bytes (407 KB) for 8 cores
*** Operational MODE: preforking+threaded ***
WSGI app 0 (mountpoint='') ready in 1 seconds on interpreter 0x562936b34fc0 pid: 403454 (default app)
uWSGI running as root, you can use --uid/--gid/--chroot options
*** WARNING: you are running uWSGI as root !!! (use the --uid flag) *** 
*** uWSGI is running in multiple interpreter mode ***
spawned uWSGI master process (pid: 403454)
spawned uWSGI worker 1 (pid: 403456, cores: 2)
spawned uWSGI worker 2 (pid: 403457, cores: 2)
spawned uWSGI worker 3 (pid: 403458, cores: 2)
spawned uWSGI worker 4 (pid: 403459, cores: 2)
[pid: 403458|app: 0|req: 1/1] 131.123.50.90 () {42 vars in 769 bytes} [Wed Sep  9 22:51:31 2020] GET / => generated 44 bytes in 4 msecs (HTTP/1.1 200) 2 headers in 79 bytes (1 switches on core 0)
Gracefully killing worker 4 (pid: 403459)...
Gracefully killing worker 3 (pid: 403458)...
Gracefully killing worker 2 (pid: 403457)...
Gracefully killing worker 1 (pid: 403456)...
...gracefully killing workers...
worker 1 buried after 1 seconds
worker 2 buried after 1 seconds
worker 3 buried after 1 seconds
worker 4 buried after 1 seconds
binary reloading uWSGI...
chdir() to /var/www/foodtime
closing all non-uwsgi socket fds > 2 (max_fd = 1048576)...
found fd 3 mapped to socket 0 (foodtime.sock)
running /usr/bin/uwsgi-core
[uWSGI] getting INI configuration from foodtime.ini
*** Starting uWSGI 2.0.18-debian (64bit) on [Thu Sep 10 00:36:24 2020] ***
compiled with version: 10.0.1 20200405 (experimental) [master revision 0be9efad938:fcb98e4978a:705510a708d3642c9c962beb663c476167e4e8a4] on 11 April 2020 11:15:55
os: Linux-5.4.0-29-generic #33-Ubuntu SMP Wed Apr 29 14:32:27 UTC 2020
nodename: EJ-Robotics
machine: x86_64
clock source: unix
pcre jit disabled
detected number of CPU cores: 1
current working directory: /var/www/foodtime
detected binary path: /usr/bin/uwsgi-core
uWSGI running as root, you can use --uid/--gid/--chroot options
*** WARNING: you are running uWSGI as root !!! (use the --uid flag) *** 
chdir() to /var/www/foodtime/
your processes number limit is 3791
your memory page size is 4096 bytes
detected max file descriptor number: 1048576
lock engine: pthread robust mutexes
thunder lock: disabled (you can enable it with --thunder-lock)
uwsgi socket 0 inherited UNIX address foodtime.sock fd 3
uWSGI running as root, you can use --uid/--gid/--chroot options
*** WARNING: you are running uWSGI as root !!! (use the --uid flag) *** 
Python version: 3.8.2 (default, Jul 16 2020, 14:00:26)  [GCC 9.3.0]
PEP 405 virtualenv detected: /var/www/foodtime/myenv
Set PythonHome to /var/www/foodtime/myenv
Python main interpreter initialized at 0x5583da787de0
uWSGI running as root, you can use --uid/--gid/--chroot options
*** WARNING: you are running uWSGI as root !!! (use the --uid flag) *** 
python threads support enabled
your server socket listen backlog is limited to 100 connections
your mercy for graceful operations on workers is 60 seconds
mapped 416880 bytes (407 KB) for 8 cores
*** Operational MODE: preforking+threaded ***
WSGI app 0 (mountpoint='') ready in 0 seconds on interpreter 0x5583da787de0 pid: 403454 (default app)
uWSGI running as root, you can use --uid/--gid/--chroot options
*** WARNING: you are running uWSGI as root !!! (use the --uid flag) *** 
*** uWSGI is running in multiple interpreter mode ***
gracefully (RE)spawned uWSGI master process (pid: 403454)
spawned uWSGI worker 1 (pid: 405300, cores: 2)
spawned uWSGI worker 2 (pid: 405301, cores: 2)
spawned uWSGI worker 3 (pid: 405302, cores: 2)
spawned uWSGI worker 4 (pid: 405303, cores: 2)
